<?xml version="1.0" encoding="UTF-8"?>
<testsuite xmlns:xsi="http://www.w3.org/2001/XMLSchema-instance" xsi:noNamespaceSchemaLocation="https://maven.apache.org/surefire/maven-surefire-plugin/xsd/surefire-test-report-3.0.xsd" version="3.0" name="org.abcd.examples.ArrayInit.ArrayInitTest" time="0.054" tests="1" errors="0" skipped="0" failures="0">
  <properties>
    <property name="java.specification.version" value="17"/>
    <property name="sun.cpu.isalist" value="amd64"/>
    <property name="sun.jnu.encoding" value="Cp1252"/>
    <property name="java.class.path" value="C:\Users\DAVID\Downloads\tesis\backend\SimpleAntlrMavenProject\array-example\target\test-classes;C:\Users\DAVID\Downloads\tesis\backend\SimpleAntlrMavenProject\array-example\target\classes;C:\Users\DAVID\.m2\repository\org\antlr\antlr4-runtime\4.9.3\antlr4-runtime-4.9.3.jar;C:\Users\DAVID\.m2\repository\junit\junit\4.11\junit-4.11.jar;C:\Users\DAVID\.m2\repository\org\hamcrest\hamcrest-core\1.3\hamcrest-core-1.3.jar;"/>
    <property name="java.vm.vendor" value="Oracle Corporation"/>
    <property name="sun.arch.data.model" value="64"/>
    <property name="user.variant" value=""/>
    <property name="java.vendor.url" value="https://java.oracle.com/"/>
    <property name="user.timezone" value="America/Bogota"/>
    <property name="os.name" value="Windows 10"/>
    <property name="java.vm.specification.version" value="17"/>
    <property name="sun.java.launcher" value="SUN_STANDARD"/>
    <property name="user.country" value="PE"/>
    <property name="sun.boot.library.path" value="C:\Users\DAVID\Downloads\Descargas\jdk-17.0.9\bin"/>
    <property name="sun.java.command" value="C:\Users\DAVID\AppData\Local\Temp\surefire14845548686870785483\surefirebooter-20240412004131051_3.jar C:\Users\DAVID\AppData\Local\Temp\surefire14845548686870785483 2024-04-12T00-41-30_809-jvmRun1 surefire-20240412004131051_1tmp surefire_0-20240412004131051_2tmp"/>
    <property name="jdk.debug" value="release"/>
    <property name="surefire.test.class.path" value="C:\Users\DAVID\Downloads\tesis\backend\SimpleAntlrMavenProject\array-example\target\test-classes;C:\Users\DAVID\Downloads\tesis\backend\SimpleAntlrMavenProject\array-example\target\classes;C:\Users\DAVID\.m2\repository\org\antlr\antlr4-runtime\4.9.3\antlr4-runtime-4.9.3.jar;C:\Users\DAVID\.m2\repository\junit\junit\4.11\junit-4.11.jar;C:\Users\DAVID\.m2\repository\org\hamcrest\hamcrest-core\1.3\hamcrest-core-1.3.jar;"/>
    <property name="sun.cpu.endian" value="little"/>
    <property name="user.home" value="C:\Users\DAVID"/>
    <property name="user.language" value="es"/>
    <property name="java.specification.vendor" value="Oracle Corporation"/>
    <property name="java.version.date" value="2023-10-17"/>
    <property name="java.home" value="C:\Users\DAVID\Downloads\Descargas\jdk-17.0.9"/>
    <property name="file.separator" value="\"/>
    <property name="basedir" value="C:\Users\DAVID\Downloads\tesis\backend\SimpleAntlrMavenProject\array-example"/>
    <property name="java.vm.compressedOopsMode" value="Zero based"/>
    <property name="line.separator" value="&#10;"/>
    <property name="java.vm.specification.vendor" value="Oracle Corporation"/>
    <property name="java.specification.name" value="Java Platform API Specification"/>
    <property name="surefire.real.class.path" value="C:\Users\DAVID\AppData\Local\Temp\surefire14845548686870785483\surefirebooter-20240412004131051_3.jar"/>
    <property name="user.script" value=""/>
    <property name="sun.management.compiler" value="HotSpot 64-Bit Tiered Compilers"/>
    <property name="java.runtime.version" value="17.0.9+11-LTS-201"/>
    <property name="user.name" value="DAVID"/>
    <property name="path.separator" value=";"/>
    <property name="os.version" value="10.0"/>
    <property name="java.runtime.name" value="Java(TM) SE Runtime Environment"/>
    <property name="file.encoding" value="Cp1252"/>
    <property name="java.vm.name" value="Java HotSpot(TM) 64-Bit Server VM"/>
    <property name="localRepository" value="C:\Users\DAVID\.m2\repository"/>
    <property name="java.vendor.url.bug" value="https://bugreport.java.com/bugreport/"/>
    <property name="java.io.tmpdir" value="C:\Users\DAVID\AppData\Local\Temp\"/>
    <property name="java.version" value="17.0.9"/>
    <property name="user.dir" value="C:\Users\DAVID\Downloads\tesis\backend\SimpleAntlrMavenProject\array-example"/>
    <property name="os.arch" value="amd64"/>
    <property name="java.vm.specification.name" value="Java Virtual Machine Specification"/>
    <property name="sun.os.patch.level" value=""/>
    <property name="native.encoding" value="Cp1252"/>
    <property name="java.library.path" value="C:\Users\DAVID\Downloads\Descargas\jdk-17.0.9\bin;C:\windows\Sun\Java\bin;C:\windows\system32;C:\windows;C:\Users\DAVID\bin;C:\Program Files\Git\mingw64\bin;C:\Program Files\Git\usr\local\bin;C:\Program Files\Git\usr\bin;C:\Program Files\Git\usr\bin;C:\Program Files\Git\mingw64\bin;C:\Program Files\Git\usr\bin;C:\Users\DAVID\bin;C:\Program Files (x86)\Common Files\Intel\Shared Libraries\redist\intel64\compiler;C:\Program Files (x86)\Rockwell Software\RSCommon;C:\windows\system32;C:\windows;C:\windows\System32\Wbem;C:\windows\System32\WindowsPowerShell\v1.0;C:\windows\System32\OpenSSH;C:\xampp\php;C:\Program Files\Microsoft SQL Server\Client SDK\ODBC\170\Tools\Binn;C:\Program Files (x86)\Microsoft SQL Server\150\Tools\Binn;C:\Program Files\Microsoft SQL Server\150\Tools\Binn;C:\Program Files\Microsoft SQL Server\150\DTS\Binn;C:\Program Files (x86)\Microsoft SQL Server\150\DTS\Binn;C:\Program Files\Azure Data Studio\bin;C:\Program Files\dotnet;C:\ProgramData\chocolatey\bin;C:\Program Files\Graphviz\bin;C:\Program Files\Git\cmd;C:\Program Files (x86)\Yarn\bin;C:\Program Files\Amazon\AWSCLIV2;C:\Program Files\Microsoft\Web Platform Installer;C:\composer;C:\Users\DAVID\AppData\Roaming\nvm;C:\Program Files\nodejs;C:\Program Files\Docker\Docker\resources\bin;C:\Users\DAVID\Downloads\Descargas\jdk-17.0.9\bin;C:\Program Files\apache-maven-3.9.6\bin;C:\Users\DAVID\AppData\Local\Programs\Python\Python311-32\Scripts;C:\Users\DAVID\AppData\Local\Programs\Python\Python311-32;C:\Users\DAVID\AppData\Local\Microsoft\WindowsApps;C:\Users\DAVID\AppData\Local\Programs\Microsoft VS Code\bin;C:\Program Files\Azure Data Studio\bin;C:\Users\DAVID\.dotnet\tools;C:\Program Files\nodejs\node_modules\npm;C:\Program Files\MongoDB\Server\4.4\bin;C:\Program Files\heroku\bin;C:\xampp\mysql\bin;C:\Users\DAVID\composer;C:\Users\DAVID\AppData\Roaming\Composer\vendor\bin;C:\Program Files\JetBrains\IntelliJ IDEA 2023.1.1\bin;C:\Users\DAVID\AppData\Local\Yarn\bin;C:\Program Files\MySQL\MySQL Server 5.6\bin;C:\Users\DAVID\AppData\Roaming\nvm;C:\Program Files\nodejs;C:\Program Files (x86)\BrowserStackLocal;C:\Program Files\Git\usr\bin\vendor_perl;C:\Program Files\Git\usr\bin\core_perl;."/>
    <property name="java.vm.info" value="mixed mode, sharing"/>
    <property name="java.vendor" value="Oracle Corporation"/>
    <property name="java.vm.version" value="17.0.9+11-LTS-201"/>
    <property name="sun.io.unicode.encoding" value="UnicodeLittle"/>
    <property name="java.class.version" value="61.0"/>
  </properties>
  <testcase name="shouldAnswerWithTrue" classname="org.abcd.examples.ArrayInit.ArrayInitTest" time="0.002"/>
</testsuite>